<?xml version="1.0" encoding="UTF-8"?>
<!-- Generated by org.testng.reporters.JUnitXMLReporter -->
<testsuite ignored="0" hostname="NIRMAL-RAWAT" failures="1" tests="2" name="Login Error Vlidatiobs" time="10.317" errors="0" timestamp="2024-11-08T09:20:56 IST">
  <testcase classname="Kane.SeleniumJavaFramework.tests.ErrorValidationsTest" name="incorrectEmailPasswordErrorValidation" time="0.617">
    <failure type="java.lang.AssertionError" message="expected [Incorrect email or password.] but found [Incorrect email or passwordsdd.]">
      <![CDATA[java.lang.AssertionError: expected [Incorrect email or password.] but found [Incorrect email or passwordsdd.]
at Kane.SeleniumJavaFramework.tests.ErrorValidationsTest.incorrectEmailPasswordErrorValidation(ErrorValidationsTest.java:14)
at java.base/java.util.ArrayList.forEach(ArrayList.java:1596)
... Removed 31 stack frames]]>
    </failure>
  </testcase> <!-- incorrectEmailPasswordErrorValidation -->
  <testcase classname="Kane.SeleniumJavaFramework.tests.ErrorValidationsTest" name="invalidEmailValidation" time="0.671"/>
</testsuite> <!-- Login Error Vlidatiobs -->
