<?xml version="1.0" encoding="UTF-8"?>
<testng-results ignored="0" total="2" passed="1" failed="1" skipped="0">
  <reporter-output>
  </reporter-output>
  <suite started-at="2024-11-08T14:01:38 IST" name="Default suite" finished-at="2024-11-08T14:01:50 IST" duration-ms="11396">
    <groups>
      <group name="cucumber">
        <method signature="AbstractTestNGCucumberTests.runScenario(io.cucumber.testng.PickleWrapper,io.cucumber.testng.FeatureWrapper)[pri:0, instance:Kane.SeleniumJavaFramework.cucumber.TestNGTestRunner@2b30a42c]" name="runScenario" class="io.cucumber.testng.AbstractTestNGCucumberTests"/>
      </group> <!-- cucumber -->
    </groups>
    <test started-at="2024-11-08T14:01:38 IST" name="Default test" finished-at="2024-11-08T14:01:50 IST" duration-ms="11396">
      <class name="Kane.SeleniumJavaFramework.cucumber.TestNGTestRunner">
        <test-method is-config="true" signature="setUpClass(org.testng.ITestContext)[pri:0, instance:Kane.SeleniumJavaFramework.cucumber.TestNGTestRunner@2b30a42c]" started-at="2024-11-08T14:01:38 IST" name="setUpClass" finished-at="2024-11-08T14:01:39 IST" duration-ms="790" status="PASS">
          <params>
            <param index="0">
              <value>
                <![CDATA[org.testng.TestRunner@1afd72ef]]>
              </value>
            </param>
          </params>
          <reporter-output>
          </reporter-output>
        </test-method> <!-- setUpClass -->
        <test-method signature="runScenario(io.cucumber.testng.PickleWrapper,io.cucumber.testng.FeatureWrapper)[pri:0, instance:Kane.SeleniumJavaFramework.cucumber.TestNGTestRunner@2b30a42c]" started-at="2024-11-08T14:01:39 IST" name="runScenario" description="Runs Cucumber Scenarios" data-provider="scenarios" finished-at="2024-11-08T14:01:43 IST" duration-ms="4142" status="FAIL">
          <params>
            <param index="0">
              <value>
                <![CDATA["Posiitive Test of Sub,ititng the order"]]>
              </value>
            </param>
            <param index="1">
              <value>
                <![CDATA["Error Validation on Login page"]]>
              </value>
            </param>
          </params>
          <exception class="java.lang.AssertionError">
            <message>
              <![CDATA[expected [Incorrect email or password.] but found []]]>
            </message>
            <full-stacktrace>
              <![CDATA[java.lang.AssertionError: expected [Incorrect email or password.] but found []
at org.testng.Assert.fail(Assert.java:111)
at org.testng.Assert.failNotEquals(Assert.java:1578)
at org.testng.Assert.assertEqualsImpl(Assert.java:150)
at org.testng.Assert.assertEquals(Assert.java:132)
at org.testng.Assert.assertEquals(Assert.java:656)
at org.testng.Assert.assertEquals(Assert.java:666)
at Kane.SeleniumJavaFramework.stepDefinition.StepDefinitonImp.error_message_dispalyed_on_confirmation_page(StepDefinitonImp.java:58)
at âœ½."Incorrect email or password." messgae is displayed(file:///D:/eclipse/SeleniumJavaFramework/src/test/java/Kane/SeleniumJavaFramework/cucumber/ErrorValidatons.feature:9)
]]>
            </full-stacktrace>
          </exception> <!-- java.lang.AssertionError -->
          <reporter-output>
          </reporter-output>
        </test-method> <!-- runScenario -->
        <test-method signature="runScenario(io.cucumber.testng.PickleWrapper,io.cucumber.testng.FeatureWrapper)[pri:0, instance:Kane.SeleniumJavaFramework.cucumber.TestNGTestRunner@2b30a42c]" started-at="2024-11-08T14:01:43 IST" name="runScenario" description="Runs Cucumber Scenarios" data-provider="scenarios" finished-at="2024-11-08T14:01:50 IST" duration-ms="6365" status="PASS">
          <params>
            <param index="0">
              <value>
                <![CDATA["Posiitive Test of Sub,ititng the order"]]>
              </value>
            </param>
            <param index="1">
              <value>
                <![CDATA["Place an order from ecommer site"]]>
              </value>
            </param>
          </params>
          <reporter-output>
          </reporter-output>
        </test-method> <!-- runScenario -->
        <test-method is-config="true" signature="tearDownClass()[pri:0, instance:Kane.SeleniumJavaFramework.cucumber.TestNGTestRunner@2b30a42c]" started-at="2024-11-08T14:01:50 IST" name="tearDownClass" finished-at="2024-11-08T14:01:50 IST" duration-ms="43" status="PASS">
          <reporter-output>
          </reporter-output>
        </test-method> <!-- tearDownClass -->
      </class> <!-- Kane.SeleniumJavaFramework.cucumber.TestNGTestRunner -->
    </test> <!-- Default test -->
  </suite> <!-- Default suite -->
</testng-results>
