<?xml version="1.0" encoding="UTF-8"?>
<!-- Generated by org.testng.reporters.JUnitReportReporter -->
<testsuite hostname="NIRMAL-RAWAT" failures="1" tests="2" name="Kane.SeleniumJavaFramework.cucumber.TestNGTestRunner" time="10.507" errors="0" timestamp="2024-11-08T14:01:50 IST" skipped="0">
  <testcase classname="Kane.SeleniumJavaFramework.cucumber.TestNGTestRunner" name="runScenario" time="6.365"/>
  <testcase classname="Kane.SeleniumJavaFramework.cucumber.TestNGTestRunner" name="runScenario" time="4.142">
    <failure message="expected [Incorrect email or password.] but found []" type="java.lang.AssertionError">
      <![CDATA[java.lang.AssertionError: expected [Incorrect email or password.] but found []
at org.testng.Assert.fail(Assert.java:111)
at org.testng.Assert.failNotEquals(Assert.java:1578)
at org.testng.Assert.assertEqualsImpl(Assert.java:150)
at org.testng.Assert.assertEquals(Assert.java:132)
at org.testng.Assert.assertEquals(Assert.java:656)
at org.testng.Assert.assertEquals(Assert.java:666)
at Kane.SeleniumJavaFramework.stepDefinition.StepDefinitonImp.error_message_dispalyed_on_confirmation_page(StepDefinitonImp.java:58)
at âœ½."Incorrect email or password." messgae is displayed(file:///D:/eclipse/SeleniumJavaFramework/src/test/java/Kane/SeleniumJavaFramework/cucumber/ErrorValidatons.feature:9)
]]>
    </failure>
  </testcase> <!-- runScenario -->
</testsuite> <!-- Kane.SeleniumJavaFramework.cucumber.TestNGTestRunner -->
